<?xml version="1.0" encoding="UTF-8"?>
<!-- Generated by org.testng.reporters.JUnitXMLReporter -->
<testsuite ignored="0" hostname="Maribels-MacBook-Pro.local" failures="1" tests="1" name="Surefire test" time="0.03" errors="0" timestamp="2023-02-23T19:25:46 MST">
  <testcase classname="TestKnapsack" name="testDPSolution" time="0.004">
    <failure type="java.lang.AssertionError" message="expected:&amp;lt;110&amp;gt; but was:&amp;lt;100&amp;gt;">
      <![CDATA[java.lang.AssertionError: expected:<110> but was:<100>
at TestKnapsack.testDPSolution(TestKnapsack.java:30)
at java.base/java.util.ArrayList.forEach(ArrayList.java:1511)
... Removed 35 stack frames]]>
    </failure>
  </testcase> <!-- testDPSolution -->
</testsuite> <!-- Surefire test -->
